0 info it worked if it ends with ok
1 verbose cli [ 'C:\\Program Files\\nodejs\\node.exe',
1 verbose cli   'C:\\Program Files\\nodejs\\node_modules\\npm\\bin\\npm-cli.js',
1 verbose cli   'run',
1 verbose cli   'http-server',
1 verbose cli   '--',
1 verbose cli   '-s' ]
2 info using npm@2.14.7
3 info using node@v4.2.2
4 verbose run-script [ 'prehttp-server', 'http-server', 'posthttp-server' ]
5 info prehttp-server angular2-examples-master@1.0.0
6 info http-server angular2-examples-master@1.0.0
7 verbose unsafe-perm in lifecycle true
8 info angular2-examples-master@1.0.0 Failed to exec http-server script
9 verbose stack Error: angular2-examples-master@1.0.0 http-server: `tsc && http-server "-s"`
9 verbose stack Exit status 2
9 verbose stack     at EventEmitter.<anonymous> (C:\Program Files\nodejs\node_modules\npm\lib\utils\lifecycle.js:214:16)
9 verbose stack     at emitTwo (events.js:87:13)
9 verbose stack     at EventEmitter.emit (events.js:172:7)
9 verbose stack     at ChildProcess.<anonymous> (C:\Program Files\nodejs\node_modules\npm\lib\utils\spawn.js:24:14)
9 verbose stack     at emitTwo (events.js:87:13)
9 verbose stack     at ChildProcess.emit (events.js:172:7)
9 verbose stack     at maybeClose (internal/child_process.js:818:16)
9 verbose stack     at Process.ChildProcess._handle.onexit (internal/child_process.js:211:5)
10 verbose pkgid angular2-examples-master@1.0.0
11 verbose cwd C:\github\angular.io\public\docs\_examples\architecture\ts
12 error Windows_NT 10.0.11099
13 error argv "C:\\Program Files\\nodejs\\node.exe" "C:\\Program Files\\nodejs\\node_modules\\npm\\bin\\npm-cli.js" "run" "http-server" "--" "-s"
14 error node v4.2.2
15 error npm  v2.14.7
16 error code ELIFECYCLE
17 error angular2-examples-master@1.0.0 http-server: `tsc && http-server "-s"`
17 error Exit status 2
18 error Failed at the angular2-examples-master@1.0.0 http-server script 'tsc && http-server "-s"'.
18 error This is most likely a problem with the angular2-examples-master package,
18 error not with npm itself.
18 error Tell the author that this fails on your system:
18 error     tsc && http-server "-s"
18 error You can get their info via:
18 error     npm owner ls angular2-examples-master
18 error There is likely additional logging output above.
19 verbose exit [ 1, true ]
